<?xml version="1.0" encoding="UTF-8"?>
<testsuite xmlns:xsi="http://www.w3.org/2001/XMLSchema-instance" xsi:noNamespaceSchemaLocation="https://maven.apache.org/surefire/maven-surefire-plugin/xsd/surefire-test-report.xsd" name="com.cg.EmployeeCodeApplicationTests" time="4.887" tests="6" errors="0" skipped="0" failures="0">
  <properties>
    <property name="sun.desktop" value="windows"/>
    <property name="awt.toolkit" value="sun.awt.windows.WToolkit"/>
    <property name="file.encoding.pkg" value="sun.io"/>
    <property name="java.specification.version" value="1.8"/>
    <property name="sun.cpu.isalist" value="amd64"/>
    <property name="sun.jnu.encoding" value="Cp1252"/>
    <property name="java.class.path" value="C:\CloudBatchDemo\PLP\EmployeeCode\target\test-classes;C:\CloudBatchDemo\PLP\EmployeeCode\target\classes;C:\SakshiMavenRemo\org\springframework\boot\spring-boot-starter-data-jpa\2.1.8.RELEASE\spring-boot-starter-data-jpa-2.1.8.RELEASE.jar;C:\SakshiMavenRemo\org\springframework\boot\spring-boot-starter-aop\2.1.8.RELEASE\spring-boot-starter-aop-2.1.8.RELEASE.jar;C:\SakshiMavenRemo\org\springframework\spring-aop\5.1.9.RELEASE\spring-aop-5.1.9.RELEASE.jar;C:\SakshiMavenRemo\org\aspectj\aspectjweaver\1.9.4\aspectjweaver-1.9.4.jar;C:\SakshiMavenRemo\org\springframework\boot\spring-boot-starter-jdbc\2.1.8.RELEASE\spring-boot-starter-jdbc-2.1.8.RELEASE.jar;C:\SakshiMavenRemo\com\zaxxer\HikariCP\3.2.0\HikariCP-3.2.0.jar;C:\SakshiMavenRemo\org\springframework\spring-jdbc\5.1.9.RELEASE\spring-jdbc-5.1.9.RELEASE.jar;C:\SakshiMavenRemo\javax\transaction\javax.transaction-api\1.3\javax.transaction-api-1.3.jar;C:\SakshiMavenRemo\javax\xml\bind\jaxb-api\2.3.1\jaxb-api-2.3.1.jar;C:\SakshiMavenRemo\javax\activation\javax.activation-api\1.2.0\javax.activation-api-1.2.0.jar;C:\SakshiMavenRemo\org\hibernate\hibernate-core\5.3.11.Final\hibernate-core-5.3.11.Final.jar;C:\SakshiMavenRemo\org\jboss\logging\jboss-logging\3.3.3.Final\jboss-logging-3.3.3.Final.jar;C:\SakshiMavenRemo\javax\persistence\javax.persistence-api\2.2\javax.persistence-api-2.2.jar;C:\SakshiMavenRemo\org\javassist\javassist\3.23.2-GA\javassist-3.23.2-GA.jar;C:\SakshiMavenRemo\antlr\antlr\2.7.7\antlr-2.7.7.jar;C:\SakshiMavenRemo\org\jboss\jandex\2.0.5.Final\jandex-2.0.5.Final.jar;C:\SakshiMavenRemo\com\fasterxml\classmate\1.4.0\classmate-1.4.0.jar;C:\SakshiMavenRemo\org\dom4j\dom4j\2.1.1\dom4j-2.1.1.jar;C:\SakshiMavenRemo\org\hibernate\common\hibernate-commons-annotations\5.0.4.Final\hibernate-commons-annotations-5.0.4.Final.jar;C:\SakshiMavenRemo\org\springframework\data\spring-data-jpa\2.1.10.RELEASE\spring-data-jpa-2.1.10.RELEASE.jar;C:\SakshiMavenRemo\org\springframework\data\spring-data-commons\2.1.10.RELEASE\spring-data-commons-2.1.10.RELEASE.jar;C:\SakshiMavenRemo\org\springframework\spring-orm\5.1.9.RELEASE\spring-orm-5.1.9.RELEASE.jar;C:\SakshiMavenRemo\org\springframework\spring-context\5.1.9.RELEASE\spring-context-5.1.9.RELEASE.jar;C:\SakshiMavenRemo\org\springframework\spring-tx\5.1.9.RELEASE\spring-tx-5.1.9.RELEASE.jar;C:\SakshiMavenRemo\org\springframework\spring-beans\5.1.9.RELEASE\spring-beans-5.1.9.RELEASE.jar;C:\SakshiMavenRemo\org\slf4j\slf4j-api\1.7.28\slf4j-api-1.7.28.jar;C:\SakshiMavenRemo\org\springframework\spring-aspects\5.1.9.RELEASE\spring-aspects-5.1.9.RELEASE.jar;C:\SakshiMavenRemo\org\springframework\boot\spring-boot-starter-web\2.1.8.RELEASE\spring-boot-starter-web-2.1.8.RELEASE.jar;C:\SakshiMavenRemo\org\springframework\boot\spring-boot-starter\2.1.8.RELEASE\spring-boot-starter-2.1.8.RELEASE.jar;C:\SakshiMavenRemo\org\springframework\boot\spring-boot-starter-logging\2.1.8.RELEASE\spring-boot-starter-logging-2.1.8.RELEASE.jar;C:\SakshiMavenRemo\ch\qos\logback\logback-classic\1.2.3\logback-classic-1.2.3.jar;C:\SakshiMavenRemo\ch\qos\logback\logback-core\1.2.3\logback-core-1.2.3.jar;C:\SakshiMavenRemo\org\apache\logging\log4j\log4j-to-slf4j\2.11.2\log4j-to-slf4j-2.11.2.jar;C:\SakshiMavenRemo\org\apache\logging\log4j\log4j-api\2.11.2\log4j-api-2.11.2.jar;C:\SakshiMavenRemo\org\slf4j\jul-to-slf4j\1.7.28\jul-to-slf4j-1.7.28.jar;C:\SakshiMavenRemo\javax\annotation\javax.annotation-api\1.3.2\javax.annotation-api-1.3.2.jar;C:\SakshiMavenRemo\org\yaml\snakeyaml\1.23\snakeyaml-1.23.jar;C:\SakshiMavenRemo\org\springframework\boot\spring-boot-starter-json\2.1.8.RELEASE\spring-boot-starter-json-2.1.8.RELEASE.jar;C:\SakshiMavenRemo\com\fasterxml\jackson\core\jackson-databind\2.9.9.3\jackson-databind-2.9.9.3.jar;C:\SakshiMavenRemo\com\fasterxml\jackson\core\jackson-annotations\2.9.0\jackson-annotations-2.9.0.jar;C:\SakshiMavenRemo\com\fasterxml\jackson\core\jackson-core\2.9.9\jackson-core-2.9.9.jar;C:\SakshiMavenRemo\com\fasterxml\jackson\datatype\jackson-datatype-jdk8\2.9.9\jackson-datatype-jdk8-2.9.9.jar;C:\SakshiMavenRemo\com\fasterxml\jackson\datatype\jackson-datatype-jsr310\2.9.9\jackson-datatype-jsr310-2.9.9.jar;C:\SakshiMavenRemo\com\fasterxml\jackson\module\jackson-module-parameter-names\2.9.9\jackson-module-parameter-names-2.9.9.jar;C:\SakshiMavenRemo\org\springframework\boot\spring-boot-starter-tomcat\2.1.8.RELEASE\spring-boot-starter-tomcat-2.1.8.RELEASE.jar;C:\SakshiMavenRemo\org\apache\tomcat\embed\tomcat-embed-core\9.0.24\tomcat-embed-core-9.0.24.jar;C:\SakshiMavenRemo\org\apache\tomcat\embed\tomcat-embed-el\9.0.24\tomcat-embed-el-9.0.24.jar;C:\SakshiMavenRemo\org\apache\tomcat\embed\tomcat-embed-websocket\9.0.24\tomcat-embed-websocket-9.0.24.jar;C:\SakshiMavenRemo\org\hibernate\validator\hibernate-validator\6.0.17.Final\hibernate-validator-6.0.17.Final.jar;C:\SakshiMavenRemo\javax\validation\validation-api\2.0.1.Final\validation-api-2.0.1.Final.jar;C:\SakshiMavenRemo\org\springframework\spring-web\5.1.9.RELEASE\spring-web-5.1.9.RELEASE.jar;C:\SakshiMavenRemo\org\springframework\spring-webmvc\5.1.9.RELEASE\spring-webmvc-5.1.9.RELEASE.jar;C:\SakshiMavenRemo\org\springframework\spring-expression\5.1.9.RELEASE\spring-expression-5.1.9.RELEASE.jar;C:\SakshiMavenRemo\org\springframework\boot\spring-boot-devtools\2.1.8.RELEASE\spring-boot-devtools-2.1.8.RELEASE.jar;C:\SakshiMavenRemo\org\springframework\boot\spring-boot\2.1.8.RELEASE\spring-boot-2.1.8.RELEASE.jar;C:\SakshiMavenRemo\org\springframework\boot\spring-boot-autoconfigure\2.1.8.RELEASE\spring-boot-autoconfigure-2.1.8.RELEASE.jar;C:\SakshiMavenRemo\org\springframework\boot\spring-boot-starter-test\2.1.8.RELEASE\spring-boot-starter-test-2.1.8.RELEASE.jar;C:\SakshiMavenRemo\org\springframework\boot\spring-boot-test\2.1.8.RELEASE\spring-boot-test-2.1.8.RELEASE.jar;C:\SakshiMavenRemo\org\springframework\boot\spring-boot-test-autoconfigure\2.1.8.RELEASE\spring-boot-test-autoconfigure-2.1.8.RELEASE.jar;C:\SakshiMavenRemo\com\jayway\jsonpath\json-path\2.4.0\json-path-2.4.0.jar;C:\SakshiMavenRemo\net\minidev\json-smart\2.3\json-smart-2.3.jar;C:\SakshiMavenRemo\net\minidev\accessors-smart\1.2\accessors-smart-1.2.jar;C:\SakshiMavenRemo\org\ow2\asm\asm\5.0.4\asm-5.0.4.jar;C:\SakshiMavenRemo\junit\junit\4.12\junit-4.12.jar;C:\SakshiMavenRemo\org\assertj\assertj-core\3.11.1\assertj-core-3.11.1.jar;C:\SakshiMavenRemo\org\hamcrest\hamcrest-core\1.3\hamcrest-core-1.3.jar;C:\SakshiMavenRemo\org\hamcrest\hamcrest-library\1.3\hamcrest-library-1.3.jar;C:\SakshiMavenRemo\org\skyscreamer\jsonassert\1.5.0\jsonassert-1.5.0.jar;C:\SakshiMavenRemo\com\vaadin\external\google\android-json\0.0.20131108.vaadin1\android-json-0.0.20131108.vaadin1.jar;C:\SakshiMavenRemo\org\springframework\spring-core\5.1.9.RELEASE\spring-core-5.1.9.RELEASE.jar;C:\SakshiMavenRemo\org\springframework\spring-jcl\5.1.9.RELEASE\spring-jcl-5.1.9.RELEASE.jar;C:\SakshiMavenRemo\org\springframework\spring-test\5.1.9.RELEASE\spring-test-5.1.9.RELEASE.jar;C:\SakshiMavenRemo\org\xmlunit\xmlunit-core\2.6.3\xmlunit-core-2.6.3.jar;C:\SakshiMavenRemo\org\mariadb\jdbc\mariadb-java-client\2.4.4\mariadb-java-client-2.4.4.jar;C:\SakshiMavenRemo\org\mockito\mockito-core\2.23.4\mockito-core-2.23.4.jar;C:\SakshiMavenRemo\net\bytebuddy\byte-buddy\1.9.16\byte-buddy-1.9.16.jar;C:\SakshiMavenRemo\net\bytebuddy\byte-buddy-agent\1.9.16\byte-buddy-agent-1.9.16.jar;C:\SakshiMavenRemo\org\objenesis\objenesis\2.6\objenesis-2.6.jar;"/>
    <property name="java.vm.vendor" value="Oracle Corporation"/>
    <property name="sun.arch.data.model" value="64"/>
    <property name="user.variant" value=""/>
    <property name="java.vendor.url" value="http://java.oracle.com/"/>
    <property name="user.timezone" value="Asia/Calcutta"/>
    <property name="java.vm.specification.version" value="1.8"/>
    <property name="os.name" value="Windows 7"/>
    <property name="user.country" value="US"/>
    <property name="sun.java.launcher" value="SUN_STANDARD"/>
    <property name="sun.boot.library.path" value="C:\Program Files\Java\jdk1.8.0_131\jre\bin"/>
    <property name="sun.java.command" value="C:\Users\sagrawa5\AppData\Local\Temp\surefire1710559531929264307\surefirebooter6943747999043574301.jar C:\Users\sagrawa5\AppData\Local\Temp\surefire1710559531929264307 2019-10-03T16-13-39_971-jvmRun1 surefire3368055479347278914tmp surefire_03060333392153764752tmp"/>
    <property name="surefire.test.class.path" value="C:\CloudBatchDemo\PLP\EmployeeCode\target\test-classes;C:\CloudBatchDemo\PLP\EmployeeCode\target\classes;C:\SakshiMavenRemo\org\springframework\boot\spring-boot-starter-data-jpa\2.1.8.RELEASE\spring-boot-starter-data-jpa-2.1.8.RELEASE.jar;C:\SakshiMavenRemo\org\springframework\boot\spring-boot-starter-aop\2.1.8.RELEASE\spring-boot-starter-aop-2.1.8.RELEASE.jar;C:\SakshiMavenRemo\org\springframework\spring-aop\5.1.9.RELEASE\spring-aop-5.1.9.RELEASE.jar;C:\SakshiMavenRemo\org\aspectj\aspectjweaver\1.9.4\aspectjweaver-1.9.4.jar;C:\SakshiMavenRemo\org\springframework\boot\spring-boot-starter-jdbc\2.1.8.RELEASE\spring-boot-starter-jdbc-2.1.8.RELEASE.jar;C:\SakshiMavenRemo\com\zaxxer\HikariCP\3.2.0\HikariCP-3.2.0.jar;C:\SakshiMavenRemo\org\springframework\spring-jdbc\5.1.9.RELEASE\spring-jdbc-5.1.9.RELEASE.jar;C:\SakshiMavenRemo\javax\transaction\javax.transaction-api\1.3\javax.transaction-api-1.3.jar;C:\SakshiMavenRemo\javax\xml\bind\jaxb-api\2.3.1\jaxb-api-2.3.1.jar;C:\SakshiMavenRemo\javax\activation\javax.activation-api\1.2.0\javax.activation-api-1.2.0.jar;C:\SakshiMavenRemo\org\hibernate\hibernate-core\5.3.11.Final\hibernate-core-5.3.11.Final.jar;C:\SakshiMavenRemo\org\jboss\logging\jboss-logging\3.3.3.Final\jboss-logging-3.3.3.Final.jar;C:\SakshiMavenRemo\javax\persistence\javax.persistence-api\2.2\javax.persistence-api-2.2.jar;C:\SakshiMavenRemo\org\javassist\javassist\3.23.2-GA\javassist-3.23.2-GA.jar;C:\SakshiMavenRemo\antlr\antlr\2.7.7\antlr-2.7.7.jar;C:\SakshiMavenRemo\org\jboss\jandex\2.0.5.Final\jandex-2.0.5.Final.jar;C:\SakshiMavenRemo\com\fasterxml\classmate\1.4.0\classmate-1.4.0.jar;C:\SakshiMavenRemo\org\dom4j\dom4j\2.1.1\dom4j-2.1.1.jar;C:\SakshiMavenRemo\org\hibernate\common\hibernate-commons-annotations\5.0.4.Final\hibernate-commons-annotations-5.0.4.Final.jar;C:\SakshiMavenRemo\org\springframework\data\spring-data-jpa\2.1.10.RELEASE\spring-data-jpa-2.1.10.RELEASE.jar;C:\SakshiMavenRemo\org\springframework\data\spring-data-commons\2.1.10.RELEASE\spring-data-commons-2.1.10.RELEASE.jar;C:\SakshiMavenRemo\org\springframework\spring-orm\5.1.9.RELEASE\spring-orm-5.1.9.RELEASE.jar;C:\SakshiMavenRemo\org\springframework\spring-context\5.1.9.RELEASE\spring-context-5.1.9.RELEASE.jar;C:\SakshiMavenRemo\org\springframework\spring-tx\5.1.9.RELEASE\spring-tx-5.1.9.RELEASE.jar;C:\SakshiMavenRemo\org\springframework\spring-beans\5.1.9.RELEASE\spring-beans-5.1.9.RELEASE.jar;C:\SakshiMavenRemo\org\slf4j\slf4j-api\1.7.28\slf4j-api-1.7.28.jar;C:\SakshiMavenRemo\org\springframework\spring-aspects\5.1.9.RELEASE\spring-aspects-5.1.9.RELEASE.jar;C:\SakshiMavenRemo\org\springframework\boot\spring-boot-starter-web\2.1.8.RELEASE\spring-boot-starter-web-2.1.8.RELEASE.jar;C:\SakshiMavenRemo\org\springframework\boot\spring-boot-starter\2.1.8.RELEASE\spring-boot-starter-2.1.8.RELEASE.jar;C:\SakshiMavenRemo\org\springframework\boot\spring-boot-starter-logging\2.1.8.RELEASE\spring-boot-starter-logging-2.1.8.RELEASE.jar;C:\SakshiMavenRemo\ch\qos\logback\logback-classic\1.2.3\logback-classic-1.2.3.jar;C:\SakshiMavenRemo\ch\qos\logback\logback-core\1.2.3\logback-core-1.2.3.jar;C:\SakshiMavenRemo\org\apache\logging\log4j\log4j-to-slf4j\2.11.2\log4j-to-slf4j-2.11.2.jar;C:\SakshiMavenRemo\org\apache\logging\log4j\log4j-api\2.11.2\log4j-api-2.11.2.jar;C:\SakshiMavenRemo\org\slf4j\jul-to-slf4j\1.7.28\jul-to-slf4j-1.7.28.jar;C:\SakshiMavenRemo\javax\annotation\javax.annotation-api\1.3.2\javax.annotation-api-1.3.2.jar;C:\SakshiMavenRemo\org\yaml\snakeyaml\1.23\snakeyaml-1.23.jar;C:\SakshiMavenRemo\org\springframework\boot\spring-boot-starter-json\2.1.8.RELEASE\spring-boot-starter-json-2.1.8.RELEASE.jar;C:\SakshiMavenRemo\com\fasterxml\jackson\core\jackson-databind\2.9.9.3\jackson-databind-2.9.9.3.jar;C:\SakshiMavenRemo\com\fasterxml\jackson\core\jackson-annotations\2.9.0\jackson-annotations-2.9.0.jar;C:\SakshiMavenRemo\com\fasterxml\jackson\core\jackson-core\2.9.9\jackson-core-2.9.9.jar;C:\SakshiMavenRemo\com\fasterxml\jackson\datatype\jackson-datatype-jdk8\2.9.9\jackson-datatype-jdk8-2.9.9.jar;C:\SakshiMavenRemo\com\fasterxml\jackson\datatype\jackson-datatype-jsr310\2.9.9\jackson-datatype-jsr310-2.9.9.jar;C:\SakshiMavenRemo\com\fasterxml\jackson\module\jackson-module-parameter-names\2.9.9\jackson-module-parameter-names-2.9.9.jar;C:\SakshiMavenRemo\org\springframework\boot\spring-boot-starter-tomcat\2.1.8.RELEASE\spring-boot-starter-tomcat-2.1.8.RELEASE.jar;C:\SakshiMavenRemo\org\apache\tomcat\embed\tomcat-embed-core\9.0.24\tomcat-embed-core-9.0.24.jar;C:\SakshiMavenRemo\org\apache\tomcat\embed\tomcat-embed-el\9.0.24\tomcat-embed-el-9.0.24.jar;C:\SakshiMavenRemo\org\apache\tomcat\embed\tomcat-embed-websocket\9.0.24\tomcat-embed-websocket-9.0.24.jar;C:\SakshiMavenRemo\org\hibernate\validator\hibernate-validator\6.0.17.Final\hibernate-validator-6.0.17.Final.jar;C:\SakshiMavenRemo\javax\validation\validation-api\2.0.1.Final\validation-api-2.0.1.Final.jar;C:\SakshiMavenRemo\org\springframework\spring-web\5.1.9.RELEASE\spring-web-5.1.9.RELEASE.jar;C:\SakshiMavenRemo\org\springframework\spring-webmvc\5.1.9.RELEASE\spring-webmvc-5.1.9.RELEASE.jar;C:\SakshiMavenRemo\org\springframework\spring-expression\5.1.9.RELEASE\spring-expression-5.1.9.RELEASE.jar;C:\SakshiMavenRemo\org\springframework\boot\spring-boot-devtools\2.1.8.RELEASE\spring-boot-devtools-2.1.8.RELEASE.jar;C:\SakshiMavenRemo\org\springframework\boot\spring-boot\2.1.8.RELEASE\spring-boot-2.1.8.RELEASE.jar;C:\SakshiMavenRemo\org\springframework\boot\spring-boot-autoconfigure\2.1.8.RELEASE\spring-boot-autoconfigure-2.1.8.RELEASE.jar;C:\SakshiMavenRemo\org\springframework\boot\spring-boot-starter-test\2.1.8.RELEASE\spring-boot-starter-test-2.1.8.RELEASE.jar;C:\SakshiMavenRemo\org\springframework\boot\spring-boot-test\2.1.8.RELEASE\spring-boot-test-2.1.8.RELEASE.jar;C:\SakshiMavenRemo\org\springframework\boot\spring-boot-test-autoconfigure\2.1.8.RELEASE\spring-boot-test-autoconfigure-2.1.8.RELEASE.jar;C:\SakshiMavenRemo\com\jayway\jsonpath\json-path\2.4.0\json-path-2.4.0.jar;C:\SakshiMavenRemo\net\minidev\json-smart\2.3\json-smart-2.3.jar;C:\SakshiMavenRemo\net\minidev\accessors-smart\1.2\accessors-smart-1.2.jar;C:\SakshiMavenRemo\org\ow2\asm\asm\5.0.4\asm-5.0.4.jar;C:\SakshiMavenRemo\junit\junit\4.12\junit-4.12.jar;C:\SakshiMavenRemo\org\assertj\assertj-core\3.11.1\assertj-core-3.11.1.jar;C:\SakshiMavenRemo\org\hamcrest\hamcrest-core\1.3\hamcrest-core-1.3.jar;C:\SakshiMavenRemo\org\hamcrest\hamcrest-library\1.3\hamcrest-library-1.3.jar;C:\SakshiMavenRemo\org\skyscreamer\jsonassert\1.5.0\jsonassert-1.5.0.jar;C:\SakshiMavenRemo\com\vaadin\external\google\android-json\0.0.20131108.vaadin1\android-json-0.0.20131108.vaadin1.jar;C:\SakshiMavenRemo\org\springframework\spring-core\5.1.9.RELEASE\spring-core-5.1.9.RELEASE.jar;C:\SakshiMavenRemo\org\springframework\spring-jcl\5.1.9.RELEASE\spring-jcl-5.1.9.RELEASE.jar;C:\SakshiMavenRemo\org\springframework\spring-test\5.1.9.RELEASE\spring-test-5.1.9.RELEASE.jar;C:\SakshiMavenRemo\org\xmlunit\xmlunit-core\2.6.3\xmlunit-core-2.6.3.jar;C:\SakshiMavenRemo\org\mariadb\jdbc\mariadb-java-client\2.4.4\mariadb-java-client-2.4.4.jar;C:\SakshiMavenRemo\org\mockito\mockito-core\2.23.4\mockito-core-2.23.4.jar;C:\SakshiMavenRemo\net\bytebuddy\byte-buddy\1.9.16\byte-buddy-1.9.16.jar;C:\SakshiMavenRemo\net\bytebuddy\byte-buddy-agent\1.9.16\byte-buddy-agent-1.9.16.jar;C:\SakshiMavenRemo\org\objenesis\objenesis\2.6\objenesis-2.6.jar;"/>
    <property name="sun.cpu.endian" value="little"/>
    <property name="user.home" value="C:\Users\sagrawa5"/>
    <property name="user.language" value="en"/>
    <property name="java.specification.vendor" value="Oracle Corporation"/>
    <property name="java.home" value="C:\Program Files\Java\jdk1.8.0_131\jre"/>
    <property name="basedir" value="C:\CloudBatchDemo\PLP\EmployeeCode"/>
    <property name="file.separator" value="\"/>
    <property name="line.separator" value="&#10;"/>
    <property name="java.vm.specification.vendor" value="Oracle Corporation"/>
    <property name="java.specification.name" value="Java Platform API Specification"/>
    <property name="java.awt.graphicsenv" value="sun.awt.Win32GraphicsEnvironment"/>
    <property name="surefire.real.class.path" value="C:\Users\sagrawa5\AppData\Local\Temp\surefire1710559531929264307\surefirebooter6943747999043574301.jar"/>
    <property name="sun.boot.class.path" value="C:\Program Files\Java\jdk1.8.0_131\jre\lib\resources.jar;C:\Program Files\Java\jdk1.8.0_131\jre\lib\rt.jar;C:\Program Files\Java\jdk1.8.0_131\jre\lib\sunrsasign.jar;C:\Program Files\Java\jdk1.8.0_131\jre\lib\jsse.jar;C:\Program Files\Java\jdk1.8.0_131\jre\lib\jce.jar;C:\Program Files\Java\jdk1.8.0_131\jre\lib\charsets.jar;C:\Program Files\Java\jdk1.8.0_131\jre\lib\jfr.jar;C:\Program Files\Java\jdk1.8.0_131\jre\classes"/>
    <property name="user.script" value=""/>
    <property name="sun.management.compiler" value="HotSpot 64-Bit Tiered Compilers"/>
    <property name="java.runtime.version" value="1.8.0_131-b11"/>
    <property name="user.name" value="sagrawa5"/>
    <property name="path.separator" value=";"/>
    <property name="os.version" value="6.1"/>
    <property name="java.endorsed.dirs" value="C:\Program Files\Java\jdk1.8.0_131\jre\lib\endorsed"/>
    <property name="java.runtime.name" value="Java(TM) SE Runtime Environment"/>
    <property name="file.encoding" value="Cp1252"/>
    <property name="java.vm.name" value="Java HotSpot(TM) 64-Bit Server VM"/>
    <property name="localRepository" value="C:\SakshiMavenRemo"/>
    <property name="java.vendor.url.bug" value="http://bugreport.sun.com/bugreport/"/>
    <property name="java.io.tmpdir" value="C:\Users\sagrawa5\AppData\Local\Temp\"/>
    <property name="java.version" value="1.8.0_131"/>
    <property name="user.dir" value="C:\CloudBatchDemo\PLP\EmployeeCode"/>
    <property name="os.arch" value="amd64"/>
    <property name="java.vm.specification.name" value="Java Virtual Machine Specification"/>
    <property name="java.awt.printerjob" value="sun.awt.windows.WPrinterJob"/>
    <property name="sun.os.patch.level" value="Service Pack 1"/>
    <property name="java.library.path" value="C:\Program Files\Java\jdk1.8.0_131\jre\bin;C:\WINDOWS\Sun\Java\bin;C:\WINDOWS\system32;C:\WINDOWS;C:/Program Files/Java/jdk1.8.0_131/bin/../jre/bin/server;C:/Program Files/Java/jdk1.8.0_131/bin/../jre/bin;C:/Program Files/Java/jdk1.8.0_131/bin/../jre/lib/amd64;C:\oraclexe\app\oracle\product\11.2.0\server\bin;;C:\WINDOWS\system32;C:\WINDOWS;C:\WINDOWS\System32\Wbem;C:\WINDOWS\System32\WindowsPowerShell\v1.0\;C:\Program Files (x86)\QuickTime\QTSystem\;C:\Program Files\CapgeminiScripts\Support Tools\;C:\Program Files\nodejs\;C:\Program Files\Java\jdk1.8.0_131\bin;C:\Users\sagrawa5\AppData\Roaming\npm;D:\Users\sagrawa5\Downloads\spring-2.1.8.RELEASE\bin;C:\Riya\apache-maven-3.6.1-bin\apache-maven-3.6.1\bin;D:\Sts\sts-bundle\sts-3.9.6.RELEASE;;."/>
    <property name="java.vm.info" value="mixed mode"/>
    <property name="java.vendor" value="Oracle Corporation"/>
    <property name="java.vm.version" value="25.131-b11"/>
    <property name="java.ext.dirs" value="C:\Program Files\Java\jdk1.8.0_131\jre\lib\ext;C:\WINDOWS\Sun\Java\lib\ext"/>
    <property name="sun.io.unicode.encoding" value="UnicodeLittle"/>
    <property name="java.class.version" value="52.0"/>
  </properties>
  <testcase name="searchEmployee" classname="com.cg.EmployeeCodeApplicationTests" time="0"/>
  <testcase name="deleteEmployee" classname="com.cg.EmployeeCodeApplicationTests" time="0"/>
  <testcase name="addEmployee" classname="com.cg.EmployeeCodeApplicationTests" time="0"/>
  <testcase name="contextLoads" classname="com.cg.EmployeeCodeApplicationTests" time="0"/>
  <testcase name="viewEmployees" classname="com.cg.EmployeeCodeApplicationTests" time="0"/>
  <testcase name="updateEmployee" classname="com.cg.EmployeeCodeApplicationTests" time="0.015"/>
</testsuite>